<?xml version="1.0" encoding="UTF-8"?>
<!-- Generated by org.testng.reporters.JUnitReportReporter -->
<testsuite hostname="DESKTOP-1BNEP2T" failures="0" tests="10" name="tests.Tests" time="243.482" errors="0" timestamp="30 Nov 2022 13:23:39 GMT" skipped="0">
  <testcase classname="tests.Tests" name="Attend_Class_Page" time="36.877"/>
  <testcase classname="tests.Tests" name="Login_Page" time="87.254"/>
  <testcase classname="tests.Tests" name="Teachers_Dashboard_Page" time="9.823"/>
  <testcase classname="tests.Tests" name="Take_a_Break_Page" time="5.243"/>
  <testcase classname="tests.Tests" name="Report_Class_Page" time="6.882"/>
  <testcase classname="tests.Tests" name="Resume_Class_Page" time="29.851"/>
  <testcase classname="tests.Tests" name="Take_Test_Page" time="20.867"/>
  <testcase classname="tests.Tests" name="Pay_Fees_Page" time="7.199"/>
  <testcase classname="tests.Tests" name="Logout_Page" time="29.617"/>
  <testcase classname="tests.Tests" name="Student_Attendance_Page" time="9.869"/>
</testsuite> <!-- tests.Tests -->
